2013/12/30 07:59:07 [error] [php] date(): It is not safe to rely on the system's timezone settings. You are *required* to use the date.timezone setting or the date_default_timezone_set() function. In case you used any of those methods and you are still getting this warning, you most likely misspelled the timezone identifier. We selected the timezone 'UTC' for now, but please set date.timezone to select your timezone. (/var/www/html/reserveServer/diga_reservation_system/protected/views/layouts/main.php:51)
Stack trace:
#0 /var/www/html/reserveServer/yii_framework/framework/web/CBaseController.php(95): SiteController->renderInternal()
#1 /var/www/html/reserveServer/yii_framework/framework/web/widgets/CContentDecorator.php(76): SiteController->renderFile()
#2 /var/www/html/reserveServer/yii_framework/framework/web/widgets/CContentDecorator.php(54): CContentDecorator->decorate()
#3 /var/www/html/reserveServer/yii_framework/framework/web/widgets/COutputProcessor.php(44): CContentDecorator->processOutput()
#4 /var/www/html/reserveServer/yii_framework/framework/web/CBaseController.php(206): CContentDecorator->run()
#5 /var/www/html/reserveServer/yii_framework/framework/web/CBaseController.php(300): SiteController->endWidget()
#6 /var/www/html/reserveServer/diga_reservation_system/protected/views/layouts/column1.php(6): SiteController->endContent()
#7 /var/www/html/reserveServer/yii_framework/framework/web/CBaseController.php(126): require()
#8 /var/www/html/reserveServer/yii_framework/framework/web/CBaseController.php(95): SiteController->renderInternal()
#9 /var/www/html/reserveServer/yii_framework/framework/web/CController.php(784): SiteController->renderFile()
#10 /var/www/html/reserveServer/diga_reservation_system/protected/controllers/SiteController.php(32): SiteController->render()
#11 /var/www/html/reserveServer/yii_framework/framework/web/actions/CInlineAction.php(49): SiteController->actionIndex()
#12 /var/www/html/reserveServer/yii_framework/framework/web/CController.php(308): CInlineAction->runWithParams()
#13 /var/www/html/reserveServer/yii_framework/framework/web/CController.php(286): SiteController->runAction()
#14 /var/www/html/reserveServer/yii_framework/framework/web/CController.php(265): SiteController->runActionWithFilters()
#15 /var/www/html/reserveServer/yii_framework/framework/web/CWebApplication.php(282): SiteController->run()
#16 /var/www/html/reserveServer/yii_framework/framework/web/CWebApplication.php(141): CWebApplication->runController()
#17 /var/www/html/reserveServer/yii_framework/framework/base/CApplication.php(169): CWebApplication->processRequest()
#18 /var/www/html/reserveServer/diga_reservation_system/index.php(13): CWebApplication->run()
REQUEST_URI=/html/reserveServer/diga_reservation_system/
in /var/www/html/reserveServer/diga_reservation_system/protected/views/layouts/main.php (51)
in /var/www/html/reserveServer/diga_reservation_system/protected/views/layouts/column1.php (6)
in /var/www/html/reserveServer/diga_reservation_system/protected/controllers/SiteController.php (32)
2013/12/30 08:16:36 [error] [php] date(): It is not safe to rely on the system's timezone settings. You are *required* to use the date.timezone setting or the date_default_timezone_set() function. In case you used any of those methods and you are still getting this warning, you most likely misspelled the timezone identifier. We selected the timezone 'UTC' for now, but please set date.timezone to select your timezone. (/var/www/html/reserveServer/diga_reservation_system/protected/views/layouts/main.php:51)
Stack trace:
#0 /var/www/html/reserveServer/yii_framework/framework/web/CBaseController.php(95): SiteController->renderInternal()
#1 /var/www/html/reserveServer/yii_framework/framework/web/widgets/CContentDecorator.php(76): SiteController->renderFile()
#2 /var/www/html/reserveServer/yii_framework/framework/web/widgets/CContentDecorator.php(54): CContentDecorator->decorate()
#3 /var/www/html/reserveServer/yii_framework/framework/web/widgets/COutputProcessor.php(44): CContentDecorator->processOutput()
#4 /var/www/html/reserveServer/yii_framework/framework/web/CBaseController.php(206): CContentDecorator->run()
#5 /var/www/html/reserveServer/yii_framework/framework/web/CBaseController.php(300): SiteController->endWidget()
#6 /var/www/html/reserveServer/diga_reservation_system/protected/views/layouts/column1.php(6): SiteController->endContent()
#7 /var/www/html/reserveServer/yii_framework/framework/web/CBaseController.php(126): require()
#8 /var/www/html/reserveServer/yii_framework/framework/web/CBaseController.php(95): SiteController->renderInternal()
#9 /var/www/html/reserveServer/yii_framework/framework/web/CController.php(784): SiteController->renderFile()
#10 /var/www/html/reserveServer/diga_reservation_system/protected/controllers/SiteController.php(32): SiteController->render()
#11 /var/www/html/reserveServer/yii_framework/framework/web/actions/CInlineAction.php(49): SiteController->actionIndex()
#12 /var/www/html/reserveServer/yii_framework/framework/web/CController.php(308): CInlineAction->runWithParams()
#13 /var/www/html/reserveServer/yii_framework/framework/web/CController.php(286): SiteController->runAction()
#14 /var/www/html/reserveServer/yii_framework/framework/web/CController.php(265): SiteController->runActionWithFilters()
#15 /var/www/html/reserveServer/yii_framework/framework/web/CWebApplication.php(282): SiteController->run()
#16 /var/www/html/reserveServer/yii_framework/framework/web/CWebApplication.php(141): CWebApplication->runController()
#17 /var/www/html/reserveServer/yii_framework/framework/base/CApplication.php(169): CWebApplication->processRequest()
#18 /var/www/html/reserveServer/diga_reservation_system/index.php(13): CWebApplication->run()
REQUEST_URI=/html/reserveServer/diga_reservation_system/
in /var/www/html/reserveServer/diga_reservation_system/protected/views/layouts/main.php (51)
in /var/www/html/reserveServer/diga_reservation_system/protected/views/layouts/column1.php (6)
in /var/www/html/reserveServer/diga_reservation_system/protected/controllers/SiteController.php (32)
2013/12/30 08:16:38 [error] [php] date(): It is not safe to rely on the system's timezone settings. You are *required* to use the date.timezone setting or the date_default_timezone_set() function. In case you used any of those methods and you are still getting this warning, you most likely misspelled the timezone identifier. We selected the timezone 'UTC' for now, but please set date.timezone to select your timezone. (/var/www/html/reserveServer/diga_reservation_system/protected/views/layouts/main.php:51)
Stack trace:
#0 /var/www/html/reserveServer/yii_framework/framework/web/CBaseController.php(95): SiteController->renderInternal()
#1 /var/www/html/reserveServer/yii_framework/framework/web/widgets/CContentDecorator.php(76): SiteController->renderFile()
#2 /var/www/html/reserveServer/yii_framework/framework/web/widgets/CContentDecorator.php(54): CContentDecorator->decorate()
#3 /var/www/html/reserveServer/yii_framework/framework/web/widgets/COutputProcessor.php(44): CContentDecorator->processOutput()
#4 /var/www/html/reserveServer/yii_framework/framework/web/CBaseController.php(206): CContentDecorator->run()
#5 /var/www/html/reserveServer/yii_framework/framework/web/CBaseController.php(300): SiteController->endWidget()
#6 /var/www/html/reserveServer/diga_reservation_system/protected/views/layouts/column1.php(6): SiteController->endContent()
#7 /var/www/html/reserveServer/yii_framework/framework/web/CBaseController.php(126): require()
#8 /var/www/html/reserveServer/yii_framework/framework/web/CBaseController.php(95): SiteController->renderInternal()
#9 /var/www/html/reserveServer/yii_framework/framework/web/CController.php(784): SiteController->renderFile()
#10 /var/www/html/reserveServer/diga_reservation_system/protected/controllers/SiteController.php(32): SiteController->render()
#11 /var/www/html/reserveServer/yii_framework/framework/web/actions/CInlineAction.php(49): SiteController->actionIndex()
#12 /var/www/html/reserveServer/yii_framework/framework/web/CController.php(308): CInlineAction->runWithParams()
#13 /var/www/html/reserveServer/yii_framework/framework/web/CController.php(286): SiteController->runAction()
#14 /var/www/html/reserveServer/yii_framework/framework/web/CController.php(265): SiteController->runActionWithFilters()
#15 /var/www/html/reserveServer/yii_framework/framework/web/CWebApplication.php(282): SiteController->run()
#16 /var/www/html/reserveServer/yii_framework/framework/web/CWebApplication.php(141): CWebApplication->runController()
#17 /var/www/html/reserveServer/yii_framework/framework/base/CApplication.php(169): CWebApplication->processRequest()
#18 /var/www/html/reserveServer/diga_reservation_system/index.php(13): CWebApplication->run()
REQUEST_URI=/html/reserveServer/diga_reservation_system/
in /var/www/html/reserveServer/diga_reservation_system/protected/views/layouts/main.php (51)
in /var/www/html/reserveServer/diga_reservation_system/protected/views/layouts/column1.php (6)
in /var/www/html/reserveServer/diga_reservation_system/protected/controllers/SiteController.php (32)
2013/12/30 08:16:39 [error] [php] date(): It is not safe to rely on the system's timezone settings. You are *required* to use the date.timezone setting or the date_default_timezone_set() function. In case you used any of those methods and you are still getting this warning, you most likely misspelled the timezone identifier. We selected the timezone 'UTC' for now, but please set date.timezone to select your timezone. (/var/www/html/reserveServer/diga_reservation_system/protected/views/layouts/main.php:51)
Stack trace:
#0 /var/www/html/reserveServer/yii_framework/framework/web/CBaseController.php(95): SiteController->renderInternal()
#1 /var/www/html/reserveServer/yii_framework/framework/web/widgets/CContentDecorator.php(76): SiteController->renderFile()
#2 /var/www/html/reserveServer/yii_framework/framework/web/widgets/CContentDecorator.php(54): CContentDecorator->decorate()
#3 /var/www/html/reserveServer/yii_framework/framework/web/widgets/COutputProcessor.php(44): CContentDecorator->processOutput()
#4 /var/www/html/reserveServer/yii_framework/framework/web/CBaseController.php(206): CContentDecorator->run()
#5 /var/www/html/reserveServer/yii_framework/framework/web/CBaseController.php(300): SiteController->endWidget()
#6 /var/www/html/reserveServer/diga_reservation_system/protected/views/layouts/column1.php(6): SiteController->endContent()
#7 /var/www/html/reserveServer/yii_framework/framework/web/CBaseController.php(126): require()
#8 /var/www/html/reserveServer/yii_framework/framework/web/CBaseController.php(95): SiteController->renderInternal()
#9 /var/www/html/reserveServer/yii_framework/framework/web/CController.php(784): SiteController->renderFile()
#10 /var/www/html/reserveServer/diga_reservation_system/protected/controllers/SiteController.php(32): SiteController->render()
#11 /var/www/html/reserveServer/yii_framework/framework/web/actions/CInlineAction.php(49): SiteController->actionIndex()
#12 /var/www/html/reserveServer/yii_framework/framework/web/CController.php(308): CInlineAction->runWithParams()
#13 /var/www/html/reserveServer/yii_framework/framework/web/CController.php(286): SiteController->runAction()
#14 /var/www/html/reserveServer/yii_framework/framework/web/CController.php(265): SiteController->runActionWithFilters()
#15 /var/www/html/reserveServer/yii_framework/framework/web/CWebApplication.php(282): SiteController->run()
#16 /var/www/html/reserveServer/yii_framework/framework/web/CWebApplication.php(141): CWebApplication->runController()
#17 /var/www/html/reserveServer/yii_framework/framework/base/CApplication.php(169): CWebApplication->processRequest()
#18 /var/www/html/reserveServer/diga_reservation_system/index.php(13): CWebApplication->run()
REQUEST_URI=/html/reserveServer/diga_reservation_system/
in /var/www/html/reserveServer/diga_reservation_system/protected/views/layouts/main.php (51)
in /var/www/html/reserveServer/diga_reservation_system/protected/views/layouts/column1.php (6)
in /var/www/html/reserveServer/diga_reservation_system/protected/controllers/SiteController.php (32)
2013/12/30 08:16:39 [error] [php] date(): It is not safe to rely on the system's timezone settings. You are *required* to use the date.timezone setting or the date_default_timezone_set() function. In case you used any of those methods and you are still getting this warning, you most likely misspelled the timezone identifier. We selected the timezone 'UTC' for now, but please set date.timezone to select your timezone. (/var/www/html/reserveServer/diga_reservation_system/protected/views/layouts/main.php:51)
Stack trace:
#0 /var/www/html/reserveServer/yii_framework/framework/web/CBaseController.php(95): SiteController->renderInternal()
#1 /var/www/html/reserveServer/yii_framework/framework/web/widgets/CContentDecorator.php(76): SiteController->renderFile()
#2 /var/www/html/reserveServer/yii_framework/framework/web/widgets/CContentDecorator.php(54): CContentDecorator->decorate()
#3 /var/www/html/reserveServer/yii_framework/framework/web/widgets/COutputProcessor.php(44): CContentDecorator->processOutput()
#4 /var/www/html/reserveServer/yii_framework/framework/web/CBaseController.php(206): CContentDecorator->run()
#5 /var/www/html/reserveServer/yii_framework/framework/web/CBaseController.php(300): SiteController->endWidget()
#6 /var/www/html/reserveServer/diga_reservation_system/protected/views/layouts/column1.php(6): SiteController->endContent()
#7 /var/www/html/reserveServer/yii_framework/framework/web/CBaseController.php(126): require()
#8 /var/www/html/reserveServer/yii_framework/framework/web/CBaseController.php(95): SiteController->renderInternal()
#9 /var/www/html/reserveServer/yii_framework/framework/web/CController.php(784): SiteController->renderFile()
#10 /var/www/html/reserveServer/diga_reservation_system/protected/controllers/SiteController.php(32): SiteController->render()
#11 /var/www/html/reserveServer/yii_framework/framework/web/actions/CInlineAction.php(49): SiteController->actionIndex()
#12 /var/www/html/reserveServer/yii_framework/framework/web/CController.php(308): CInlineAction->runWithParams()
#13 /var/www/html/reserveServer/yii_framework/framework/web/CController.php(286): SiteController->runAction()
#14 /var/www/html/reserveServer/yii_framework/framework/web/CController.php(265): SiteController->runActionWithFilters()
#15 /var/www/html/reserveServer/yii_framework/framework/web/CWebApplication.php(282): SiteController->run()
#16 /var/www/html/reserveServer/yii_framework/framework/web/CWebApplication.php(141): CWebApplication->runController()
#17 /var/www/html/reserveServer/yii_framework/framework/base/CApplication.php(169): CWebApplication->processRequest()
#18 /var/www/html/reserveServer/diga_reservation_system/index.php(13): CWebApplication->run()
REQUEST_URI=/html/reserveServer/diga_reservation_system/
in /var/www/html/reserveServer/diga_reservation_system/protected/views/layouts/main.php (51)
in /var/www/html/reserveServer/diga_reservation_system/protected/views/layouts/column1.php (6)
in /var/www/html/reserveServer/diga_reservation_system/protected/controllers/SiteController.php (32)
2013/12/30 08:17:20 [error] [php] date(): Invalid date.timezone value 'America/New York', we selected the timezone 'UTC' for now. (/var/www/html/reserveServer/diga_reservation_system/protected/views/layouts/main.php:51)
Stack trace:
#0 /var/www/html/reserveServer/yii_framework/framework/web/CBaseController.php(95): SiteController->renderInternal()
#1 /var/www/html/reserveServer/yii_framework/framework/web/widgets/CContentDecorator.php(76): SiteController->renderFile()
#2 /var/www/html/reserveServer/yii_framework/framework/web/widgets/CContentDecorator.php(54): CContentDecorator->decorate()
#3 /var/www/html/reserveServer/yii_framework/framework/web/widgets/COutputProcessor.php(44): CContentDecorator->processOutput()
#4 /var/www/html/reserveServer/yii_framework/framework/web/CBaseController.php(206): CContentDecorator->run()
#5 /var/www/html/reserveServer/yii_framework/framework/web/CBaseController.php(300): SiteController->endWidget()
#6 /var/www/html/reserveServer/diga_reservation_system/protected/views/layouts/column1.php(6): SiteController->endContent()
#7 /var/www/html/reserveServer/yii_framework/framework/web/CBaseController.php(126): require()
#8 /var/www/html/reserveServer/yii_framework/framework/web/CBaseController.php(95): SiteController->renderInternal()
#9 /var/www/html/reserveServer/yii_framework/framework/web/CController.php(784): SiteController->renderFile()
#10 /var/www/html/reserveServer/diga_reservation_system/protected/controllers/SiteController.php(32): SiteController->render()
#11 /var/www/html/reserveServer/yii_framework/framework/web/actions/CInlineAction.php(49): SiteController->actionIndex()
#12 /var/www/html/reserveServer/yii_framework/framework/web/CController.php(308): CInlineAction->runWithParams()
#13 /var/www/html/reserveServer/yii_framework/framework/web/CController.php(286): SiteController->runAction()
#14 /var/www/html/reserveServer/yii_framework/framework/web/CController.php(265): SiteController->runActionWithFilters()
#15 /var/www/html/reserveServer/yii_framework/framework/web/CWebApplication.php(282): SiteController->run()
#16 /var/www/html/reserveServer/yii_framework/framework/web/CWebApplication.php(141): CWebApplication->runController()
#17 /var/www/html/reserveServer/yii_framework/framework/base/CApplication.php(169): CWebApplication->processRequest()
#18 /var/www/html/reserveServer/diga_reservation_system/index.php(13): CWebApplication->run()
REQUEST_URI=/html/reserveServer/diga_reservation_system/
in /var/www/html/reserveServer/diga_reservation_system/protected/views/layouts/main.php (51)
in /var/www/html/reserveServer/diga_reservation_system/protected/views/layouts/column1.php (6)
in /var/www/html/reserveServer/diga_reservation_system/protected/controllers/SiteController.php (32)
2013/12/30 08:18:19 [error] [php] date(): Invalid date.timezone value 'America/New York', we selected the timezone 'UTC' for now. (/var/www/html/reserveServer/diga_reservation_system/protected/views/layouts/main.php:51)
Stack trace:
#0 /var/www/html/reserveServer/yii_framework/framework/web/CBaseController.php(95): SiteController->renderInternal()
#1 /var/www/html/reserveServer/yii_framework/framework/web/widgets/CContentDecorator.php(76): SiteController->renderFile()
#2 /var/www/html/reserveServer/yii_framework/framework/web/widgets/CContentDecorator.php(54): CContentDecorator->decorate()
#3 /var/www/html/reserveServer/yii_framework/framework/web/widgets/COutputProcessor.php(44): CContentDecorator->processOutput()
#4 /var/www/html/reserveServer/yii_framework/framework/web/CBaseController.php(206): CContentDecorator->run()
#5 /var/www/html/reserveServer/yii_framework/framework/web/CBaseController.php(300): SiteController->endWidget()
#6 /var/www/html/reserveServer/diga_reservation_system/protected/views/layouts/column1.php(6): SiteController->endContent()
#7 /var/www/html/reserveServer/yii_framework/framework/web/CBaseController.php(126): require()
#8 /var/www/html/reserveServer/yii_framework/framework/web/CBaseController.php(95): SiteController->renderInternal()
#9 /var/www/html/reserveServer/yii_framework/framework/web/CController.php(784): SiteController->renderFile()
#10 /var/www/html/reserveServer/diga_reservation_system/protected/controllers/SiteController.php(32): SiteController->render()
#11 /var/www/html/reserveServer/yii_framework/framework/web/actions/CInlineAction.php(49): SiteController->actionIndex()
#12 /var/www/html/reserveServer/yii_framework/framework/web/CController.php(308): CInlineAction->runWithParams()
#13 /var/www/html/reserveServer/yii_framework/framework/web/CController.php(286): SiteController->runAction()
#14 /var/www/html/reserveServer/yii_framework/framework/web/CController.php(265): SiteController->runActionWithFilters()
#15 /var/www/html/reserveServer/yii_framework/framework/web/CWebApplication.php(282): SiteController->run()
#16 /var/www/html/reserveServer/yii_framework/framework/web/CWebApplication.php(141): CWebApplication->runController()
#17 /var/www/html/reserveServer/yii_framework/framework/base/CApplication.php(169): CWebApplication->processRequest()
#18 /var/www/html/reserveServer/diga_reservation_system/index.php(13): CWebApplication->run()
REQUEST_URI=/html/reserveServer/diga_reservation_system/
in /var/www/html/reserveServer/diga_reservation_system/protected/views/layouts/main.php (51)
in /var/www/html/reserveServer/diga_reservation_system/protected/views/layouts/column1.php (6)
in /var/www/html/reserveServer/diga_reservation_system/protected/controllers/SiteController.php (32)
2013/12/30 08:18:20 [error] [php] date(): Invalid date.timezone value 'America/New York', we selected the timezone 'UTC' for now. (/var/www/html/reserveServer/diga_reservation_system/protected/views/layouts/main.php:51)
Stack trace:
#0 /var/www/html/reserveServer/yii_framework/framework/web/CBaseController.php(95): SiteController->renderInternal()
#1 /var/www/html/reserveServer/yii_framework/framework/web/widgets/CContentDecorator.php(76): SiteController->renderFile()
#2 /var/www/html/reserveServer/yii_framework/framework/web/widgets/CContentDecorator.php(54): CContentDecorator->decorate()
#3 /var/www/html/reserveServer/yii_framework/framework/web/widgets/COutputProcessor.php(44): CContentDecorator->processOutput()
#4 /var/www/html/reserveServer/yii_framework/framework/web/CBaseController.php(206): CContentDecorator->run()
#5 /var/www/html/reserveServer/yii_framework/framework/web/CBaseController.php(300): SiteController->endWidget()
#6 /var/www/html/reserveServer/diga_reservation_system/protected/views/layouts/column1.php(6): SiteController->endContent()
#7 /var/www/html/reserveServer/yii_framework/framework/web/CBaseController.php(126): require()
#8 /var/www/html/reserveServer/yii_framework/framework/web/CBaseController.php(95): SiteController->renderInternal()
#9 /var/www/html/reserveServer/yii_framework/framework/web/CController.php(784): SiteController->renderFile()
#10 /var/www/html/reserveServer/diga_reservation_system/protected/controllers/SiteController.php(32): SiteController->render()
#11 /var/www/html/reserveServer/yii_framework/framework/web/actions/CInlineAction.php(49): SiteController->actionIndex()
#12 /var/www/html/reserveServer/yii_framework/framework/web/CController.php(308): CInlineAction->runWithParams()
#13 /var/www/html/reserveServer/yii_framework/framework/web/CController.php(286): SiteController->runAction()
#14 /var/www/html/reserveServer/yii_framework/framework/web/CController.php(265): SiteController->runActionWithFilters()
#15 /var/www/html/reserveServer/yii_framework/framework/web/CWebApplication.php(282): SiteController->run()
#16 /var/www/html/reserveServer/yii_framework/framework/web/CWebApplication.php(141): CWebApplication->runController()
#17 /var/www/html/reserveServer/yii_framework/framework/base/CApplication.php(169): CWebApplication->processRequest()
#18 /var/www/html/reserveServer/diga_reservation_system/index.php(13): CWebApplication->run()
REQUEST_URI=/html/reserveServer/diga_reservation_system/
in /var/www/html/reserveServer/diga_reservation_system/protected/views/layouts/main.php (51)
in /var/www/html/reserveServer/diga_reservation_system/protected/views/layouts/column1.php (6)
in /var/www/html/reserveServer/diga_reservation_system/protected/controllers/SiteController.php (32)
2013/12/30 08:18:20 [error] [php] date(): Invalid date.timezone value 'America/New York', we selected the timezone 'UTC' for now. (/var/www/html/reserveServer/diga_reservation_system/protected/views/layouts/main.php:51)
Stack trace:
#0 /var/www/html/reserveServer/yii_framework/framework/web/CBaseController.php(95): SiteController->renderInternal()
#1 /var/www/html/reserveServer/yii_framework/framework/web/widgets/CContentDecorator.php(76): SiteController->renderFile()
#2 /var/www/html/reserveServer/yii_framework/framework/web/widgets/CContentDecorator.php(54): CContentDecorator->decorate()
#3 /var/www/html/reserveServer/yii_framework/framework/web/widgets/COutputProcessor.php(44): CContentDecorator->processOutput()
#4 /var/www/html/reserveServer/yii_framework/framework/web/CBaseController.php(206): CContentDecorator->run()
#5 /var/www/html/reserveServer/yii_framework/framework/web/CBaseController.php(300): SiteController->endWidget()
#6 /var/www/html/reserveServer/diga_reservation_system/protected/views/layouts/column1.php(6): SiteController->endContent()
#7 /var/www/html/reserveServer/yii_framework/framework/web/CBaseController.php(126): require()
#8 /var/www/html/reserveServer/yii_framework/framework/web/CBaseController.php(95): SiteController->renderInternal()
#9 /var/www/html/reserveServer/yii_framework/framework/web/CController.php(784): SiteController->renderFile()
#10 /var/www/html/reserveServer/diga_reservation_system/protected/controllers/SiteController.php(32): SiteController->render()
#11 /var/www/html/reserveServer/yii_framework/framework/web/actions/CInlineAction.php(49): SiteController->actionIndex()
#12 /var/www/html/reserveServer/yii_framework/framework/web/CController.php(308): CInlineAction->runWithParams()
#13 /var/www/html/reserveServer/yii_framework/framework/web/CController.php(286): SiteController->runAction()
#14 /var/www/html/reserveServer/yii_framework/framework/web/CController.php(265): SiteController->runActionWithFilters()
#15 /var/www/html/reserveServer/yii_framework/framework/web/CWebApplication.php(282): SiteController->run()
#16 /var/www/html/reserveServer/yii_framework/framework/web/CWebApplication.php(141): CWebApplication->runController()
#17 /var/www/html/reserveServer/yii_framework/framework/base/CApplication.php(169): CWebApplication->processRequest()
#18 /var/www/html/reserveServer/diga_reservation_system/index.php(13): CWebApplication->run()
REQUEST_URI=/html/reserveServer/diga_reservation_system/
in /var/www/html/reserveServer/diga_reservation_system/protected/views/layouts/main.php (51)
in /var/www/html/reserveServer/diga_reservation_system/protected/views/layouts/column1.php (6)
in /var/www/html/reserveServer/diga_reservation_system/protected/controllers/SiteController.php (32)
2013/12/30 08:18:20 [error] [php] date(): Invalid date.timezone value 'America/New York', we selected the timezone 'UTC' for now. (/var/www/html/reserveServer/diga_reservation_system/protected/views/layouts/main.php:51)
Stack trace:
#0 /var/www/html/reserveServer/yii_framework/framework/web/CBaseController.php(95): SiteController->renderInternal()
#1 /var/www/html/reserveServer/yii_framework/framework/web/widgets/CContentDecorator.php(76): SiteController->renderFile()
#2 /var/www/html/reserveServer/yii_framework/framework/web/widgets/CContentDecorator.php(54): CContentDecorator->decorate()
#3 /var/www/html/reserveServer/yii_framework/framework/web/widgets/COutputProcessor.php(44): CContentDecorator->processOutput()
#4 /var/www/html/reserveServer/yii_framework/framework/web/CBaseController.php(206): CContentDecorator->run()
#5 /var/www/html/reserveServer/yii_framework/framework/web/CBaseController.php(300): SiteController->endWidget()
#6 /var/www/html/reserveServer/diga_reservation_system/protected/views/layouts/column1.php(6): SiteController->endContent()
#7 /var/www/html/reserveServer/yii_framework/framework/web/CBaseController.php(126): require()
#8 /var/www/html/reserveServer/yii_framework/framework/web/CBaseController.php(95): SiteController->renderInternal()
#9 /var/www/html/reserveServer/yii_framework/framework/web/CController.php(784): SiteController->renderFile()
#10 /var/www/html/reserveServer/diga_reservation_system/protected/controllers/SiteController.php(32): SiteController->render()
#11 /var/www/html/reserveServer/yii_framework/framework/web/actions/CInlineAction.php(49): SiteController->actionIndex()
#12 /var/www/html/reserveServer/yii_framework/framework/web/CController.php(308): CInlineAction->runWithParams()
#13 /var/www/html/reserveServer/yii_framework/framework/web/CController.php(286): SiteController->runAction()
#14 /var/www/html/reserveServer/yii_framework/framework/web/CController.php(265): SiteController->runActionWithFilters()
#15 /var/www/html/reserveServer/yii_framework/framework/web/CWebApplication.php(282): SiteController->run()
#16 /var/www/html/reserveServer/yii_framework/framework/web/CWebApplication.php(141): CWebApplication->runController()
#17 /var/www/html/reserveServer/yii_framework/framework/base/CApplication.php(169): CWebApplication->processRequest()
#18 /var/www/html/reserveServer/diga_reservation_system/index.php(13): CWebApplication->run()
REQUEST_URI=/html/reserveServer/diga_reservation_system/
in /var/www/html/reserveServer/diga_reservation_system/protected/views/layouts/main.php (51)
in /var/www/html/reserveServer/diga_reservation_system/protected/views/layouts/column1.php (6)
in /var/www/html/reserveServer/diga_reservation_system/protected/controllers/SiteController.php (32)
2013/12/30 08:18:21 [error] [php] date(): Invalid date.timezone value 'America/New York', we selected the timezone 'UTC' for now. (/var/www/html/reserveServer/diga_reservation_system/protected/views/layouts/main.php:51)
Stack trace:
#0 /var/www/html/reserveServer/yii_framework/framework/web/CBaseController.php(95): SiteController->renderInternal()
#1 /var/www/html/reserveServer/yii_framework/framework/web/widgets/CContentDecorator.php(76): SiteController->renderFile()
#2 /var/www/html/reserveServer/yii_framework/framework/web/widgets/CContentDecorator.php(54): CContentDecorator->decorate()
#3 /var/www/html/reserveServer/yii_framework/framework/web/widgets/COutputProcessor.php(44): CContentDecorator->processOutput()
#4 /var/www/html/reserveServer/yii_framework/framework/web/CBaseController.php(206): CContentDecorator->run()
#5 /var/www/html/reserveServer/yii_framework/framework/web/CBaseController.php(300): SiteController->endWidget()
#6 /var/www/html/reserveServer/diga_reservation_system/protected/views/layouts/column1.php(6): SiteController->endContent()
#7 /var/www/html/reserveServer/yii_framework/framework/web/CBaseController.php(126): require()
#8 /var/www/html/reserveServer/yii_framework/framework/web/CBaseController.php(95): SiteController->renderInternal()
#9 /var/www/html/reserveServer/yii_framework/framework/web/CController.php(784): SiteController->renderFile()
#10 /var/www/html/reserveServer/diga_reservation_system/protected/controllers/SiteController.php(32): SiteController->render()
#11 /var/www/html/reserveServer/yii_framework/framework/web/actions/CInlineAction.php(49): SiteController->actionIndex()
#12 /var/www/html/reserveServer/yii_framework/framework/web/CController.php(308): CInlineAction->runWithParams()
#13 /var/www/html/reserveServer/yii_framework/framework/web/CController.php(286): SiteController->runAction()
#14 /var/www/html/reserveServer/yii_framework/framework/web/CController.php(265): SiteController->runActionWithFilters()
#15 /var/www/html/reserveServer/yii_framework/framework/web/CWebApplication.php(282): SiteController->run()
#16 /var/www/html/reserveServer/yii_framework/framework/web/CWebApplication.php(141): CWebApplication->runController()
#17 /var/www/html/reserveServer/yii_framework/framework/base/CApplication.php(169): CWebApplication->processRequest()
#18 /var/www/html/reserveServer/diga_reservation_system/index.php(13): CWebApplication->run()
REQUEST_URI=/html/reserveServer/diga_reservation_system/
in /var/www/html/reserveServer/diga_reservation_system/protected/views/layouts/main.php (51)
in /var/www/html/reserveServer/diga_reservation_system/protected/views/layouts/column1.php (6)
in /var/www/html/reserveServer/diga_reservation_system/protected/controllers/SiteController.php (32)
2013/12/30 08:18:23 [error] [php] date(): Invalid date.timezone value 'America/New York', we selected the timezone 'UTC' for now. (/var/www/html/reserveServer/diga_reservation_system/protected/views/layouts/main.php:51)
Stack trace:
#0 /var/www/html/reserveServer/yii_framework/framework/web/CBaseController.php(95): SiteController->renderInternal()
#1 /var/www/html/reserveServer/yii_framework/framework/web/widgets/CContentDecorator.php(76): SiteController->renderFile()
#2 /var/www/html/reserveServer/yii_framework/framework/web/widgets/CContentDecorator.php(54): CContentDecorator->decorate()
#3 /var/www/html/reserveServer/yii_framework/framework/web/widgets/COutputProcessor.php(44): CContentDecorator->processOutput()
#4 /var/www/html/reserveServer/yii_framework/framework/web/CBaseController.php(206): CContentDecorator->run()
#5 /var/www/html/reserveServer/yii_framework/framework/web/CBaseController.php(300): SiteController->endWidget()
#6 /var/www/html/reserveServer/diga_reservation_system/protected/views/layouts/column1.php(6): SiteController->endContent()
#7 /var/www/html/reserveServer/yii_framework/framework/web/CBaseController.php(126): require()
#8 /var/www/html/reserveServer/yii_framework/framework/web/CBaseController.php(95): SiteController->renderInternal()
#9 /var/www/html/reserveServer/yii_framework/framework/web/CController.php(784): SiteController->renderFile()
#10 /var/www/html/reserveServer/diga_reservation_system/protected/controllers/SiteController.php(32): SiteController->render()
#11 /var/www/html/reserveServer/yii_framework/framework/web/actions/CInlineAction.php(49): SiteController->actionIndex()
#12 /var/www/html/reserveServer/yii_framework/framework/web/CController.php(308): CInlineAction->runWithParams()
#13 /var/www/html/reserveServer/yii_framework/framework/web/CController.php(286): SiteController->runAction()
#14 /var/www/html/reserveServer/yii_framework/framework/web/CController.php(265): SiteController->runActionWithFilters()
#15 /var/www/html/reserveServer/yii_framework/framework/web/CWebApplication.php(282): SiteController->run()
#16 /var/www/html/reserveServer/yii_framework/framework/web/CWebApplication.php(141): CWebApplication->runController()
#17 /var/www/html/reserveServer/yii_framework/framework/base/CApplication.php(169): CWebApplication->processRequest()
#18 /var/www/html/reserveServer/diga_reservation_system/index.php(13): CWebApplication->run()
REQUEST_URI=/html/reserveServer/diga_reservation_system/
in /var/www/html/reserveServer/diga_reservation_system/protected/views/layouts/main.php (51)
in /var/www/html/reserveServer/diga_reservation_system/protected/views/layouts/column1.php (6)
in /var/www/html/reserveServer/diga_reservation_system/protected/controllers/SiteController.php (32)
2013/12/30 15:29:13 [error] [exception.CHttpException.404] exception 'CHttpException' with message 'The system is unable to find the requested action "index".' in /var/www/html/reserveServer/yii_framework/framework/web/CController.php:483
Stack trace:
#0 /var/www/html/reserveServer/yii_framework/framework/web/CController.php(270): CController->missingAction('')
#1 /var/www/html/reserveServer/yii_framework/framework/web/CWebApplication.php(282): CController->run('')
#2 /var/www/html/reserveServer/yii_framework/framework/web/CWebApplication.php(141): CWebApplication->runController('test')
#3 /var/www/html/reserveServer/yii_framework/framework/base/CApplication.php(169): CWebApplication->processRequest()
#4 /var/www/html/reserveServer/diga_reservation_system/index.php(13): CApplication->run()
#5 {main}
REQUEST_URI=/html/reserveServer/diga_reservation_system/index.php?r=test
HTTP_REFERER=http://localhost/html/reserveServer/diga_reservation_system/index.php?r=gii/controller
---
2013/12/30 15:34:47 [error] [exception.CHttpException.404] exception 'CHttpException' with message 'The system is unable to find the requested action "action1".' in /var/www/html/reserveServer/yii_framework/framework/web/CController.php:483
Stack trace:
#0 /var/www/html/reserveServer/yii_framework/framework/web/CController.php(270): CController->missingAction('action1')
#1 /var/www/html/reserveServer/yii_framework/framework/web/CWebApplication.php(282): CController->run('action1')
#2 /var/www/html/reserveServer/yii_framework/framework/web/CWebApplication.php(141): CWebApplication->runController('test/action1')
#3 /var/www/html/reserveServer/yii_framework/framework/base/CApplication.php(169): CWebApplication->processRequest()
#4 /var/www/html/reserveServer/diga_reservation_system/index.php(13): CApplication->run()
#5 {main}
REQUEST_URI=/html/reserveServer/diga_reservation_system/index.php?r=test/action1
---
2013/12/30 15:44:26 [error] [exception.CHttpException.404] exception 'CHttpException' with message 'Unable to resolve the request "test1".' in /var/www/html/reserveServer/yii_framework/framework/web/CWebApplication.php:286
Stack trace:
#0 /var/www/html/reserveServer/yii_framework/framework/web/CWebApplication.php(141): CWebApplication->runController('test1')
#1 /var/www/html/reserveServer/yii_framework/framework/base/CApplication.php(169): CWebApplication->processRequest()
#2 /var/www/html/reserveServer/diga_reservation_system/index.php(13): CApplication->run()
#3 {main}
REQUEST_URI=/html/reserveServer/diga_reservation_system/index.php?r=test1
---
2013/12/30 15:45:11 [error] [exception.CHttpException.404] exception 'CHttpException' with message 'The system is unable to find the requested action "index".' in /var/www/html/reserveServer/yii_framework/framework/web/CController.php:483
Stack trace:
#0 /var/www/html/reserveServer/yii_framework/framework/web/CController.php(270): CController->missingAction('')
#1 /var/www/html/reserveServer/yii_framework/framework/web/CWebApplication.php(282): CController->run('')
#2 /var/www/html/reserveServer/yii_framework/framework/web/CWebApplication.php(141): CWebApplication->runController('test2')
#3 /var/www/html/reserveServer/yii_framework/framework/base/CApplication.php(169): CWebApplication->processRequest()
#4 /var/www/html/reserveServer/diga_reservation_system/index.php(13): CApplication->run()
#5 {main}
REQUEST_URI=/html/reserveServer/diga_reservation_system/index.php?r=test2
HTTP_REFERER=http://localhost/html/reserveServer/diga_reservation_system/index.php?r=gii/controller
---
2013/12/30 16:00:59 [error] [exception.CHttpException.404] exception 'CHttpException' with message 'The system is unable to find the requested action "testaction".' in /var/www/html/reserveServer/yii_framework/framework/web/CController.php:483
Stack trace:
#0 /var/www/html/reserveServer/yii_framework/framework/web/CController.php(270): CController->missingAction('testaction')
#1 /var/www/html/reserveServer/yii_framework/framework/web/CWebApplication.php(282): CController->run('testaction')
#2 /var/www/html/reserveServer/yii_framework/framework/web/CWebApplication.php(141): CWebApplication->runController('test/testaction')
#3 /var/www/html/reserveServer/yii_framework/framework/base/CApplication.php(169): CWebApplication->processRequest()
#4 /var/www/html/reserveServer/diga_reservation_system/index.php(13): CApplication->run()
#5 {main}
REQUEST_URI=/html/reserveServer/diga_reservation_system/index.php?r=test/testaction
---
2013/12/30 16:01:56 [error] [exception.CHttpException.404] exception 'CHttpException' with message 'The system is unable to find the requested action "testaction".' in /var/www/html/reserveServer/yii_framework/framework/web/CController.php:483
Stack trace:
#0 /var/www/html/reserveServer/yii_framework/framework/web/CController.php(270): CController->missingAction('testaction')
#1 /var/www/html/reserveServer/yii_framework/framework/web/CWebApplication.php(282): CController->run('testaction')
#2 /var/www/html/reserveServer/yii_framework/framework/web/CWebApplication.php(141): CWebApplication->runController('test/testaction')
#3 /var/www/html/reserveServer/yii_framework/framework/base/CApplication.php(169): CWebApplication->processRequest()
#4 /var/www/html/reserveServer/diga_reservation_system/index.php(13): CApplication->run()
#5 {main}
REQUEST_URI=/html/reserveServer/diga_reservation_system/index.php?r=test/testaction
---
2013/12/30 16:12:34 [error] [php] Use of undefined constant TEST - assumed 'TEST' (/var/www/html/reserveServer/diga_reservation_system/protected/views/test/testAction1.php:11)
Stack trace:
#0 /var/www/html/reserveServer/yii_framework/framework/web/CController.php(869): TestController->renderFile()
#1 /var/www/html/reserveServer/yii_framework/framework/web/CController.php(782): TestController->renderPartial()
#2 /var/www/html/reserveServer/diga_reservation_system/protected/controllers/TestController.php(9): TestController->render()
#3 /var/www/html/reserveServer/yii_framework/framework/web/actions/CInlineAction.php(49): TestController->actionTestAction1()
#4 /var/www/html/reserveServer/yii_framework/framework/web/CController.php(308): CInlineAction->runWithParams()
#5 /var/www/html/reserveServer/yii_framework/framework/web/CController.php(286): TestController->runAction()
#6 /var/www/html/reserveServer/yii_framework/framework/web/CController.php(265): TestController->runActionWithFilters()
#7 /var/www/html/reserveServer/yii_framework/framework/web/CWebApplication.php(282): TestController->run()
#8 /var/www/html/reserveServer/yii_framework/framework/web/CWebApplication.php(141): CWebApplication->runController()
#9 /var/www/html/reserveServer/yii_framework/framework/base/CApplication.php(169): CWebApplication->processRequest()
#10 /var/www/html/reserveServer/diga_reservation_system/index.php(13): CWebApplication->run()
REQUEST_URI=/html/reserveServer/diga_reservation_system/index.php?r=test/testaction1
in /var/www/html/reserveServer/diga_reservation_system/protected/views/test/testAction1.php (11)
in /var/www/html/reserveServer/diga_reservation_system/protected/controllers/TestController.php (9)
in /var/www/html/reserveServer/diga_reservation_system/index.php (13)
2013/12/30 16:13:28 [error] [php] include(CHTML.php): failed to open stream: No such file or directory (/var/www/html/reserveServer/yii_framework/framework/YiiBase.php:421)
Stack trace:
#0 /var/www/html/reserveServer/diga_reservation_system/protected/views/test/testAction1.php(11): spl_autoload_call()
#1 /var/www/html/reserveServer/yii_framework/framework/web/CBaseController.php(126): require()
#2 /var/www/html/reserveServer/yii_framework/framework/web/CBaseController.php(95): TestController->renderInternal()
#3 /var/www/html/reserveServer/yii_framework/framework/web/CController.php(869): TestController->renderFile()
#4 /var/www/html/reserveServer/yii_framework/framework/web/CController.php(782): TestController->renderPartial()
#5 /var/www/html/reserveServer/diga_reservation_system/protected/controllers/TestController.php(9): TestController->render()
#6 /var/www/html/reserveServer/yii_framework/framework/web/actions/CInlineAction.php(49): TestController->actionTestAction1()
#7 /var/www/html/reserveServer/yii_framework/framework/web/CController.php(308): CInlineAction->runWithParams()
#8 /var/www/html/reserveServer/yii_framework/framework/web/CController.php(286): TestController->runAction()
#9 /var/www/html/reserveServer/yii_framework/framework/web/CController.php(265): TestController->runActionWithFilters()
#10 /var/www/html/reserveServer/yii_framework/framework/web/CWebApplication.php(282): TestController->run()
#11 /var/www/html/reserveServer/yii_framework/framework/web/CWebApplication.php(141): CWebApplication->runController()
#12 /var/www/html/reserveServer/yii_framework/framework/base/CApplication.php(169): CWebApplication->processRequest()
#13 /var/www/html/reserveServer/diga_reservation_system/index.php(13): CWebApplication->run()
REQUEST_URI=/html/reserveServer/diga_reservation_system/index.php?r=test/testaction1
in /var/www/html/reserveServer/diga_reservation_system/protected/views/test/testAction1.php (11)
in /var/www/html/reserveServer/diga_reservation_system/protected/controllers/TestController.php (9)
in /var/www/html/reserveServer/diga_reservation_system/index.php (13)
2013/12/30 16:25:57 [error] [php] include(CHTML.php): failed to open stream: No such file or directory (/var/www/html/reserveServer/yii_framework/framework/YiiBase.php:421)
Stack trace:
#0 /var/www/html/reserveServer/diga_reservation_system/protected/views/test/testAction1.php(11): spl_autoload_call()
#1 /var/www/html/reserveServer/yii_framework/framework/web/CBaseController.php(126): require()
#2 /var/www/html/reserveServer/yii_framework/framework/web/CBaseController.php(95): TestController->renderInternal()
#3 /var/www/html/reserveServer/yii_framework/framework/web/CController.php(869): TestController->renderFile()
#4 /var/www/html/reserveServer/yii_framework/framework/web/CController.php(782): TestController->renderPartial()
#5 /var/www/html/reserveServer/diga_reservation_system/protected/controllers/TestController.php(9): TestController->render()
#6 /var/www/html/reserveServer/yii_framework/framework/web/actions/CInlineAction.php(49): TestController->actionTestAction1()
#7 /var/www/html/reserveServer/yii_framework/framework/web/CController.php(308): CInlineAction->runWithParams()
#8 /var/www/html/reserveServer/yii_framework/framework/web/CController.php(286): TestController->runAction()
#9 /var/www/html/reserveServer/yii_framework/framework/web/CController.php(265): TestController->runActionWithFilters()
#10 /var/www/html/reserveServer/yii_framework/framework/web/CWebApplication.php(282): TestController->run()
#11 /var/www/html/reserveServer/yii_framework/framework/web/CWebApplication.php(141): CWebApplication->runController()
#12 /var/www/html/reserveServer/yii_framework/framework/base/CApplication.php(169): CWebApplication->processRequest()
#13 /var/www/html/reserveServer/diga_reservation_system/index.php(13): CWebApplication->run()
REQUEST_URI=/html/reserveServer/diga_reservation_system/index.php?r=test/testaction1
in /var/www/html/reserveServer/diga_reservation_system/protected/views/test/testAction1.php (11)
in /var/www/html/reserveServer/diga_reservation_system/protected/controllers/TestController.php (9)
in /var/www/html/reserveServer/diga_reservation_system/index.php (13)
2013/12/30 16:26:29 [error] [php] include(CHTML.php): failed to open stream: No such file or directory (/var/www/html/reserveServer/yii_framework/framework/YiiBase.php:421)
Stack trace:
#0 /var/www/html/reserveServer/diga_reservation_system/protected/views/test/testAction1.php(11): spl_autoload_call()
#1 /var/www/html/reserveServer/yii_framework/framework/web/CBaseController.php(126): require()
#2 /var/www/html/reserveServer/yii_framework/framework/web/CBaseController.php(95): TestController->renderInternal()
#3 /var/www/html/reserveServer/yii_framework/framework/web/CController.php(869): TestController->renderFile()
#4 /var/www/html/reserveServer/yii_framework/framework/web/CController.php(782): TestController->renderPartial()
#5 /var/www/html/reserveServer/diga_reservation_system/protected/controllers/TestController.php(9): TestController->render()
#6 /var/www/html/reserveServer/yii_framework/framework/web/actions/CInlineAction.php(49): TestController->actionTestAction1()
#7 /var/www/html/reserveServer/yii_framework/framework/web/CController.php(308): CInlineAction->runWithParams()
#8 /var/www/html/reserveServer/yii_framework/framework/web/CController.php(286): TestController->runAction()
#9 /var/www/html/reserveServer/yii_framework/framework/web/CController.php(265): TestController->runActionWithFilters()
#10 /var/www/html/reserveServer/yii_framework/framework/web/CWebApplication.php(282): TestController->run()
#11 /var/www/html/reserveServer/yii_framework/framework/web/CWebApplication.php(141): CWebApplication->runController()
#12 /var/www/html/reserveServer/yii_framework/framework/base/CApplication.php(169): CWebApplication->processRequest()
#13 /var/www/html/reserveServer/diga_reservation_system/index.php(13): CWebApplication->run()
REQUEST_URI=/html/reserveServer/diga_reservation_system/index.php?r=test/testaction1
in /var/www/html/reserveServer/diga_reservation_system/protected/views/test/testAction1.php (11)
in /var/www/html/reserveServer/diga_reservation_system/protected/controllers/TestController.php (9)
in /var/www/html/reserveServer/diga_reservation_system/index.php (13)
2013/12/30 16:26:31 [error] [php] include(CHTML.php): failed to open stream: No such file or directory (/var/www/html/reserveServer/yii_framework/framework/YiiBase.php:421)
Stack trace:
#0 /var/www/html/reserveServer/diga_reservation_system/protected/views/test/testAction1.php(11): spl_autoload_call()
#1 /var/www/html/reserveServer/yii_framework/framework/web/CBaseController.php(126): require()
#2 /var/www/html/reserveServer/yii_framework/framework/web/CBaseController.php(95): TestController->renderInternal()
#3 /var/www/html/reserveServer/yii_framework/framework/web/CController.php(869): TestController->renderFile()
#4 /var/www/html/reserveServer/yii_framework/framework/web/CController.php(782): TestController->renderPartial()
#5 /var/www/html/reserveServer/diga_reservation_system/protected/controllers/TestController.php(9): TestController->render()
#6 /var/www/html/reserveServer/yii_framework/framework/web/actions/CInlineAction.php(49): TestController->actionTestAction1()
#7 /var/www/html/reserveServer/yii_framework/framework/web/CController.php(308): CInlineAction->runWithParams()
#8 /var/www/html/reserveServer/yii_framework/framework/web/CController.php(286): TestController->runAction()
#9 /var/www/html/reserveServer/yii_framework/framework/web/CController.php(265): TestController->runActionWithFilters()
#10 /var/www/html/reserveServer/yii_framework/framework/web/CWebApplication.php(282): TestController->run()
#11 /var/www/html/reserveServer/yii_framework/framework/web/CWebApplication.php(141): CWebApplication->runController()
#12 /var/www/html/reserveServer/yii_framework/framework/base/CApplication.php(169): CWebApplication->processRequest()
#13 /var/www/html/reserveServer/diga_reservation_system/index.php(13): CWebApplication->run()
REQUEST_URI=/html/reserveServer/diga_reservation_system/index.php?r=test/testaction1
in /var/www/html/reserveServer/diga_reservation_system/protected/views/test/testAction1.php (11)
in /var/www/html/reserveServer/diga_reservation_system/protected/controllers/TestController.php (9)
in /var/www/html/reserveServer/diga_reservation_system/index.php (13)
2013/12/30 16:26:32 [error] [php] include(CHTML.php): failed to open stream: No such file or directory (/var/www/html/reserveServer/yii_framework/framework/YiiBase.php:421)
Stack trace:
#0 /var/www/html/reserveServer/diga_reservation_system/protected/views/test/testAction1.php(11): spl_autoload_call()
#1 /var/www/html/reserveServer/yii_framework/framework/web/CBaseController.php(126): require()
#2 /var/www/html/reserveServer/yii_framework/framework/web/CBaseController.php(95): TestController->renderInternal()
#3 /var/www/html/reserveServer/yii_framework/framework/web/CController.php(869): TestController->renderFile()
#4 /var/www/html/reserveServer/yii_framework/framework/web/CController.php(782): TestController->renderPartial()
#5 /var/www/html/reserveServer/diga_reservation_system/protected/controllers/TestController.php(9): TestController->render()
#6 /var/www/html/reserveServer/yii_framework/framework/web/actions/CInlineAction.php(49): TestController->actionTestAction1()
#7 /var/www/html/reserveServer/yii_framework/framework/web/CController.php(308): CInlineAction->runWithParams()
#8 /var/www/html/reserveServer/yii_framework/framework/web/CController.php(286): TestController->runAction()
#9 /var/www/html/reserveServer/yii_framework/framework/web/CController.php(265): TestController->runActionWithFilters()
#10 /var/www/html/reserveServer/yii_framework/framework/web/CWebApplication.php(282): TestController->run()
#11 /var/www/html/reserveServer/yii_framework/framework/web/CWebApplication.php(141): CWebApplication->runController()
#12 /var/www/html/reserveServer/yii_framework/framework/base/CApplication.php(169): CWebApplication->processRequest()
#13 /var/www/html/reserveServer/diga_reservation_system/index.php(13): CWebApplication->run()
REQUEST_URI=/html/reserveServer/diga_reservation_system/index.php?r=test/testaction1
in /var/www/html/reserveServer/diga_reservation_system/protected/views/test/testAction1.php (11)
in /var/www/html/reserveServer/diga_reservation_system/protected/controllers/TestController.php (9)
in /var/www/html/reserveServer/diga_reservation_system/index.php (13)
2013/12/30 16:26:55 [error] [php] include(CHTML.php): failed to open stream: No such file or directory (/var/www/html/reserveServer/yii_framework/framework/YiiBase.php:421)
Stack trace:
#0 /var/www/html/reserveServer/diga_reservation_system/protected/views/test/testAction1.php(11): spl_autoload_call()
#1 /var/www/html/reserveServer/yii_framework/framework/web/CBaseController.php(126): require()
#2 /var/www/html/reserveServer/yii_framework/framework/web/CBaseController.php(95): TestController->renderInternal()
#3 /var/www/html/reserveServer/yii_framework/framework/web/CController.php(869): TestController->renderFile()
#4 /var/www/html/reserveServer/yii_framework/framework/web/CController.php(782): TestController->renderPartial()
#5 /var/www/html/reserveServer/diga_reservation_system/protected/controllers/TestController.php(9): TestController->render()
#6 /var/www/html/reserveServer/yii_framework/framework/web/actions/CInlineAction.php(49): TestController->actionTestAction1()
#7 /var/www/html/reserveServer/yii_framework/framework/web/CController.php(308): CInlineAction->runWithParams()
#8 /var/www/html/reserveServer/yii_framework/framework/web/CController.php(286): TestController->runAction()
#9 /var/www/html/reserveServer/yii_framework/framework/web/CController.php(265): TestController->runActionWithFilters()
#10 /var/www/html/reserveServer/yii_framework/framework/web/CWebApplication.php(282): TestController->run()
#11 /var/www/html/reserveServer/yii_framework/framework/web/CWebApplication.php(141): CWebApplication->runController()
#12 /var/www/html/reserveServer/yii_framework/framework/base/CApplication.php(169): CWebApplication->processRequest()
#13 /var/www/html/reserveServer/diga_reservation_system/index.php(13): CWebApplication->run()
REQUEST_URI=/html/reserveServer/diga_reservation_system/index.php?r=test/testaction1
in /var/www/html/reserveServer/diga_reservation_system/protected/views/test/testAction1.php (11)
in /var/www/html/reserveServer/diga_reservation_system/protected/controllers/TestController.php (9)
in /var/www/html/reserveServer/diga_reservation_system/index.php (13)
2013/12/30 16:26:56 [error] [php] include(CHTML.php): failed to open stream: No such file or directory (/var/www/html/reserveServer/yii_framework/framework/YiiBase.php:421)
Stack trace:
#0 /var/www/html/reserveServer/diga_reservation_system/protected/views/test/testAction1.php(11): spl_autoload_call()
#1 /var/www/html/reserveServer/yii_framework/framework/web/CBaseController.php(126): require()
#2 /var/www/html/reserveServer/yii_framework/framework/web/CBaseController.php(95): TestController->renderInternal()
#3 /var/www/html/reserveServer/yii_framework/framework/web/CController.php(869): TestController->renderFile()
#4 /var/www/html/reserveServer/yii_framework/framework/web/CController.php(782): TestController->renderPartial()
#5 /var/www/html/reserveServer/diga_reservation_system/protected/controllers/TestController.php(9): TestController->render()
#6 /var/www/html/reserveServer/yii_framework/framework/web/actions/CInlineAction.php(49): TestController->actionTestAction1()
#7 /var/www/html/reserveServer/yii_framework/framework/web/CController.php(308): CInlineAction->runWithParams()
#8 /var/www/html/reserveServer/yii_framework/framework/web/CController.php(286): TestController->runAction()
#9 /var/www/html/reserveServer/yii_framework/framework/web/CController.php(265): TestController->runActionWithFilters()
#10 /var/www/html/reserveServer/yii_framework/framework/web/CWebApplication.php(282): TestController->run()
#11 /var/www/html/reserveServer/yii_framework/framework/web/CWebApplication.php(141): CWebApplication->runController()
#12 /var/www/html/reserveServer/yii_framework/framework/base/CApplication.php(169): CWebApplication->processRequest()
#13 /var/www/html/reserveServer/diga_reservation_system/index.php(13): CWebApplication->run()
REQUEST_URI=/html/reserveServer/diga_reservation_system/index.php?r=test/testaction1
in /var/www/html/reserveServer/diga_reservation_system/protected/views/test/testAction1.php (11)
in /var/www/html/reserveServer/diga_reservation_system/protected/controllers/TestController.php (9)
in /var/www/html/reserveServer/diga_reservation_system/index.php (13)
2013/12/30 16:28:25 [error] [php] include(CHTML.php): failed to open stream: No such file or directory (/var/www/html/reserveServer/yii_framework/framework/YiiBase.php:421)
Stack trace:
#0 /var/www/html/reserveServer/diga_reservation_system/protected/views/test/testAction1.php(11): spl_autoload_call()
#1 /var/www/html/reserveServer/yii_framework/framework/web/CBaseController.php(126): require()
#2 /var/www/html/reserveServer/yii_framework/framework/web/CBaseController.php(95): TestController->renderInternal()
#3 /var/www/html/reserveServer/yii_framework/framework/web/CController.php(869): TestController->renderFile()
#4 /var/www/html/reserveServer/yii_framework/framework/web/CController.php(782): TestController->renderPartial()
#5 /var/www/html/reserveServer/diga_reservation_system/protected/controllers/TestController.php(9): TestController->render()
#6 /var/www/html/reserveServer/yii_framework/framework/web/actions/CInlineAction.php(49): TestController->actionTestAction1()
#7 /var/www/html/reserveServer/yii_framework/framework/web/CController.php(308): CInlineAction->runWithParams()
#8 /var/www/html/reserveServer/yii_framework/framework/web/CController.php(286): TestController->runAction()
#9 /var/www/html/reserveServer/yii_framework/framework/web/CController.php(265): TestController->runActionWithFilters()
#10 /var/www/html/reserveServer/yii_framework/framework/web/CWebApplication.php(282): TestController->run()
#11 /var/www/html/reserveServer/yii_framework/framework/web/CWebApplication.php(141): CWebApplication->runController()
#12 /var/www/html/reserveServer/yii_framework/framework/base/CApplication.php(169): CWebApplication->processRequest()
#13 /var/www/html/reserveServer/diga_reservation_system/index.php(13): CWebApplication->run()
REQUEST_URI=/html/reserveServer/diga_reservation_system/index.php?r=test/testaction1
in /var/www/html/reserveServer/diga_reservation_system/protected/views/test/testAction1.php (11)
in /var/www/html/reserveServer/diga_reservation_system/protected/controllers/TestController.php (9)
in /var/www/html/reserveServer/diga_reservation_system/index.php (13)
2013/12/30 16:29:09 [error] [php] include(CHTML.php): failed to open stream: No such file or directory (/var/www/html/reserveServer/yii_framework/framework/YiiBase.php:421)
Stack trace:
#0 /var/www/html/reserveServer/diga_reservation_system/protected/views/test/testAction1.php(11): spl_autoload_call()
#1 /var/www/html/reserveServer/yii_framework/framework/web/CBaseController.php(126): require()
#2 /var/www/html/reserveServer/yii_framework/framework/web/CBaseController.php(95): TestController->renderInternal()
#3 /var/www/html/reserveServer/yii_framework/framework/web/CController.php(869): TestController->renderFile()
#4 /var/www/html/reserveServer/yii_framework/framework/web/CController.php(782): TestController->renderPartial()
#5 /var/www/html/reserveServer/diga_reservation_system/protected/controllers/TestController.php(9): TestController->render()
#6 /var/www/html/reserveServer/yii_framework/framework/web/actions/CInlineAction.php(49): TestController->actionTestAction1()
#7 /var/www/html/reserveServer/yii_framework/framework/web/CController.php(308): CInlineAction->runWithParams()
#8 /var/www/html/reserveServer/yii_framework/framework/web/CController.php(286): TestController->runAction()
#9 /var/www/html/reserveServer/yii_framework/framework/web/CController.php(265): TestController->runActionWithFilters()
#10 /var/www/html/reserveServer/yii_framework/framework/web/CWebApplication.php(282): TestController->run()
#11 /var/www/html/reserveServer/yii_framework/framework/web/CWebApplication.php(141): CWebApplication->runController()
#12 /var/www/html/reserveServer/yii_framework/framework/base/CApplication.php(169): CWebApplication->processRequest()
#13 /var/www/html/reserveServer/diga_reservation_system/index.php(13): CWebApplication->run()
REQUEST_URI=/html/reserveServer/diga_reservation_system/index.php?r=test/testaction1
in /var/www/html/reserveServer/diga_reservation_system/protected/views/test/testAction1.php (11)
in /var/www/html/reserveServer/diga_reservation_system/protected/controllers/TestController.php (9)
in /var/www/html/reserveServer/diga_reservation_system/index.php (13)
2013/12/30 16:29:09 [error] [php] include(CHTML.php): failed to open stream: No such file or directory (/var/www/html/reserveServer/yii_framework/framework/YiiBase.php:421)
Stack trace:
#0 /var/www/html/reserveServer/diga_reservation_system/protected/views/test/testAction1.php(11): spl_autoload_call()
#1 /var/www/html/reserveServer/yii_framework/framework/web/CBaseController.php(126): require()
#2 /var/www/html/reserveServer/yii_framework/framework/web/CBaseController.php(95): TestController->renderInternal()
#3 /var/www/html/reserveServer/yii_framework/framework/web/CController.php(869): TestController->renderFile()
#4 /var/www/html/reserveServer/yii_framework/framework/web/CController.php(782): TestController->renderPartial()
#5 /var/www/html/reserveServer/diga_reservation_system/protected/controllers/TestController.php(9): TestController->render()
#6 /var/www/html/reserveServer/yii_framework/framework/web/actions/CInlineAction.php(49): TestController->actionTestAction1()
#7 /var/www/html/reserveServer/yii_framework/framework/web/CController.php(308): CInlineAction->runWithParams()
#8 /var/www/html/reserveServer/yii_framework/framework/web/CController.php(286): TestController->runAction()
#9 /var/www/html/reserveServer/yii_framework/framework/web/CController.php(265): TestController->runActionWithFilters()
#10 /var/www/html/reserveServer/yii_framework/framework/web/CWebApplication.php(282): TestController->run()
#11 /var/www/html/reserveServer/yii_framework/framework/web/CWebApplication.php(141): CWebApplication->runController()
#12 /var/www/html/reserveServer/yii_framework/framework/base/CApplication.php(169): CWebApplication->processRequest()
#13 /var/www/html/reserveServer/diga_reservation_system/index.php(13): CWebApplication->run()
REQUEST_URI=/html/reserveServer/diga_reservation_system/index.php?r=test/testaction1
in /var/www/html/reserveServer/diga_reservation_system/protected/views/test/testAction1.php (11)
in /var/www/html/reserveServer/diga_reservation_system/protected/controllers/TestController.php (9)
in /var/www/html/reserveServer/diga_reservation_system/index.php (13)
2013/12/30 16:29:10 [error] [php] include(CHTML.php): failed to open stream: No such file or directory (/var/www/html/reserveServer/yii_framework/framework/YiiBase.php:421)
Stack trace:
#0 /var/www/html/reserveServer/diga_reservation_system/protected/views/test/testAction1.php(11): spl_autoload_call()
#1 /var/www/html/reserveServer/yii_framework/framework/web/CBaseController.php(126): require()
#2 /var/www/html/reserveServer/yii_framework/framework/web/CBaseController.php(95): TestController->renderInternal()
#3 /var/www/html/reserveServer/yii_framework/framework/web/CController.php(869): TestController->renderFile()
#4 /var/www/html/reserveServer/yii_framework/framework/web/CController.php(782): TestController->renderPartial()
#5 /var/www/html/reserveServer/diga_reservation_system/protected/controllers/TestController.php(9): TestController->render()
#6 /var/www/html/reserveServer/yii_framework/framework/web/actions/CInlineAction.php(49): TestController->actionTestAction1()
#7 /var/www/html/reserveServer/yii_framework/framework/web/CController.php(308): CInlineAction->runWithParams()
#8 /var/www/html/reserveServer/yii_framework/framework/web/CController.php(286): TestController->runAction()
#9 /var/www/html/reserveServer/yii_framework/framework/web/CController.php(265): TestController->runActionWithFilters()
#10 /var/www/html/reserveServer/yii_framework/framework/web/CWebApplication.php(282): TestController->run()
#11 /var/www/html/reserveServer/yii_framework/framework/web/CWebApplication.php(141): CWebApplication->runController()
#12 /var/www/html/reserveServer/yii_framework/framework/base/CApplication.php(169): CWebApplication->processRequest()
#13 /var/www/html/reserveServer/diga_reservation_system/index.php(13): CWebApplication->run()
REQUEST_URI=/html/reserveServer/diga_reservation_system/index.php?r=test/testaction1
in /var/www/html/reserveServer/diga_reservation_system/protected/views/test/testAction1.php (11)
in /var/www/html/reserveServer/diga_reservation_system/protected/controllers/TestController.php (9)
in /var/www/html/reserveServer/diga_reservation_system/index.php (13)
2013/12/30 16:42:33 [error] [php] include(CHTML.php): failed to open stream: No such file or directory (/var/www/html/reserveServer/yii_framework/framework/YiiBase.php:421)
Stack trace:
#0 /var/www/html/reserveServer/diga_reservation_system/protected/views/test/testAction1.php(11): spl_autoload_call()
#1 /var/www/html/reserveServer/yii_framework/framework/web/CBaseController.php(126): require()
#2 /var/www/html/reserveServer/yii_framework/framework/web/CBaseController.php(95): TestController->renderInternal()
#3 /var/www/html/reserveServer/yii_framework/framework/web/CController.php(869): TestController->renderFile()
#4 /var/www/html/reserveServer/yii_framework/framework/web/CController.php(782): TestController->renderPartial()
#5 /var/www/html/reserveServer/diga_reservation_system/protected/controllers/TestController.php(9): TestController->render()
#6 /var/www/html/reserveServer/yii_framework/framework/web/actions/CInlineAction.php(49): TestController->actionTestAction1()
#7 /var/www/html/reserveServer/yii_framework/framework/web/CController.php(308): CInlineAction->runWithParams()
#8 /var/www/html/reserveServer/yii_framework/framework/web/CController.php(286): TestController->runAction()
#9 /var/www/html/reserveServer/yii_framework/framework/web/CController.php(265): TestController->runActionWithFilters()
#10 /var/www/html/reserveServer/yii_framework/framework/web/CWebApplication.php(282): TestController->run()
#11 /var/www/html/reserveServer/yii_framework/framework/web/CWebApplication.php(141): CWebApplication->runController()
#12 /var/www/html/reserveServer/yii_framework/framework/base/CApplication.php(169): CWebApplication->processRequest()
#13 /var/www/html/reserveServer/diga_reservation_system/index.php(13): CWebApplication->run()
REQUEST_URI=/html/reserveServer/diga_reservation_system/index.php?r=test/testaction1
in /var/www/html/reserveServer/diga_reservation_system/protected/views/test/testAction1.php (11)
in /var/www/html/reserveServer/diga_reservation_system/protected/controllers/TestController.php (9)
in /var/www/html/reserveServer/diga_reservation_system/index.php (13)
2013/12/30 16:42:34 [error] [php] include(CHTML.php): failed to open stream: No such file or directory (/var/www/html/reserveServer/yii_framework/framework/YiiBase.php:421)
Stack trace:
#0 /var/www/html/reserveServer/diga_reservation_system/protected/views/test/testAction1.php(11): spl_autoload_call()
#1 /var/www/html/reserveServer/yii_framework/framework/web/CBaseController.php(126): require()
#2 /var/www/html/reserveServer/yii_framework/framework/web/CBaseController.php(95): TestController->renderInternal()
#3 /var/www/html/reserveServer/yii_framework/framework/web/CController.php(869): TestController->renderFile()
#4 /var/www/html/reserveServer/yii_framework/framework/web/CController.php(782): TestController->renderPartial()
#5 /var/www/html/reserveServer/diga_reservation_system/protected/controllers/TestController.php(9): TestController->render()
#6 /var/www/html/reserveServer/yii_framework/framework/web/actions/CInlineAction.php(49): TestController->actionTestAction1()
#7 /var/www/html/reserveServer/yii_framework/framework/web/CController.php(308): CInlineAction->runWithParams()
#8 /var/www/html/reserveServer/yii_framework/framework/web/CController.php(286): TestController->runAction()
#9 /var/www/html/reserveServer/yii_framework/framework/web/CController.php(265): TestController->runActionWithFilters()
#10 /var/www/html/reserveServer/yii_framework/framework/web/CWebApplication.php(282): TestController->run()
#11 /var/www/html/reserveServer/yii_framework/framework/web/CWebApplication.php(141): CWebApplication->runController()
#12 /var/www/html/reserveServer/yii_framework/framework/base/CApplication.php(169): CWebApplication->processRequest()
#13 /var/www/html/reserveServer/diga_reservation_system/index.php(13): CWebApplication->run()
REQUEST_URI=/html/reserveServer/diga_reservation_system/index.php?r=test/testaction1
in /var/www/html/reserveServer/diga_reservation_system/protected/views/test/testAction1.php (11)
in /var/www/html/reserveServer/diga_reservation_system/protected/controllers/TestController.php (9)
in /var/www/html/reserveServer/diga_reservation_system/index.php (13)
2013/12/30 16:42:39 [error] [php] include(CHTML.php): failed to open stream: No such file or directory (/var/www/html/reserveServer/yii_framework/framework/YiiBase.php:421)
Stack trace:
#0 /var/www/html/reserveServer/diga_reservation_system/protected/views/test/testAction1.php(11): spl_autoload_call()
#1 /var/www/html/reserveServer/yii_framework/framework/web/CBaseController.php(126): require()
#2 /var/www/html/reserveServer/yii_framework/framework/web/CBaseController.php(95): TestController->renderInternal()
#3 /var/www/html/reserveServer/yii_framework/framework/web/CController.php(869): TestController->renderFile()
#4 /var/www/html/reserveServer/yii_framework/framework/web/CController.php(782): TestController->renderPartial()
#5 /var/www/html/reserveServer/diga_reservation_system/protected/controllers/TestController.php(9): TestController->render()
#6 /var/www/html/reserveServer/yii_framework/framework/web/actions/CInlineAction.php(49): TestController->actionTestAction1()
#7 /var/www/html/reserveServer/yii_framework/framework/web/CController.php(308): CInlineAction->runWithParams()
#8 /var/www/html/reserveServer/yii_framework/framework/web/CController.php(286): TestController->runAction()
#9 /var/www/html/reserveServer/yii_framework/framework/web/CController.php(265): TestController->runActionWithFilters()
#10 /var/www/html/reserveServer/yii_framework/framework/web/CWebApplication.php(282): TestController->run()
#11 /var/www/html/reserveServer/yii_framework/framework/web/CWebApplication.php(141): CWebApplication->runController()
#12 /var/www/html/reserveServer/yii_framework/framework/base/CApplication.php(169): CWebApplication->processRequest()
#13 /var/www/html/reserveServer/diga_reservation_system/index.php(13): CWebApplication->run()
REQUEST_URI=/html/reserveServer/diga_reservation_system/index.php?r=test/testaction1
in /var/www/html/reserveServer/diga_reservation_system/protected/views/test/testAction1.php (11)
in /var/www/html/reserveServer/diga_reservation_system/protected/controllers/TestController.php (9)
in /var/www/html/reserveServer/diga_reservation_system/index.php (13)
2013/12/30 16:42:52 [error] [php] include(CHTML.php): failed to open stream: No such file or directory (/var/www/html/reserveServer/yii_framework/framework/YiiBase.php:421)
Stack trace:
#0 /var/www/html/reserveServer/diga_reservation_system/protected/views/test/testAction1.php(11): spl_autoload_call()
#1 /var/www/html/reserveServer/yii_framework/framework/web/CBaseController.php(126): require()
#2 /var/www/html/reserveServer/yii_framework/framework/web/CBaseController.php(95): TestController->renderInternal()
#3 /var/www/html/reserveServer/yii_framework/framework/web/CController.php(869): TestController->renderFile()
#4 /var/www/html/reserveServer/yii_framework/framework/web/CController.php(782): TestController->renderPartial()
#5 /var/www/html/reserveServer/diga_reservation_system/protected/controllers/TestController.php(9): TestController->render()
#6 /var/www/html/reserveServer/yii_framework/framework/web/actions/CInlineAction.php(49): TestController->actionTestAction1()
#7 /var/www/html/reserveServer/yii_framework/framework/web/CController.php(308): CInlineAction->runWithParams()
#8 /var/www/html/reserveServer/yii_framework/framework/web/CController.php(286): TestController->runAction()
#9 /var/www/html/reserveServer/yii_framework/framework/web/CController.php(265): TestController->runActionWithFilters()
#10 /var/www/html/reserveServer/yii_framework/framework/web/CWebApplication.php(282): TestController->run()
#11 /var/www/html/reserveServer/yii_framework/framework/web/CWebApplication.php(141): CWebApplication->runController()
#12 /var/www/html/reserveServer/yii_framework/framework/base/CApplication.php(169): CWebApplication->processRequest()
#13 /var/www/html/reserveServer/diga_reservation_system/index.php(13): CWebApplication->run()
REQUEST_URI=/html/reserveServer/diga_reservation_system/index.php?r=test/testaction1
in /var/www/html/reserveServer/diga_reservation_system/protected/views/test/testAction1.php (11)
in /var/www/html/reserveServer/diga_reservation_system/protected/controllers/TestController.php (9)
in /var/www/html/reserveServer/diga_reservation_system/index.php (13)
2013/12/30 16:42:54 [error] [php] include(CHTML.php): failed to open stream: No such file or directory (/var/www/html/reserveServer/yii_framework/framework/YiiBase.php:421)
Stack trace:
#0 /var/www/html/reserveServer/diga_reservation_system/protected/views/test/testAction1.php(11): spl_autoload_call()
#1 /var/www/html/reserveServer/yii_framework/framework/web/CBaseController.php(126): require()
#2 /var/www/html/reserveServer/yii_framework/framework/web/CBaseController.php(95): TestController->renderInternal()
#3 /var/www/html/reserveServer/yii_framework/framework/web/CController.php(869): TestController->renderFile()
#4 /var/www/html/reserveServer/yii_framework/framework/web/CController.php(782): TestController->renderPartial()
#5 /var/www/html/reserveServer/diga_reservation_system/protected/controllers/TestController.php(9): TestController->render()
#6 /var/www/html/reserveServer/yii_framework/framework/web/actions/CInlineAction.php(49): TestController->actionTestAction1()
#7 /var/www/html/reserveServer/yii_framework/framework/web/CController.php(308): CInlineAction->runWithParams()
#8 /var/www/html/reserveServer/yii_framework/framework/web/CController.php(286): TestController->runAction()
#9 /var/www/html/reserveServer/yii_framework/framework/web/CController.php(265): TestController->runActionWithFilters()
#10 /var/www/html/reserveServer/yii_framework/framework/web/CWebApplication.php(282): TestController->run()
#11 /var/www/html/reserveServer/yii_framework/framework/web/CWebApplication.php(141): CWebApplication->runController()
#12 /var/www/html/reserveServer/yii_framework/framework/base/CApplication.php(169): CWebApplication->processRequest()
#13 /var/www/html/reserveServer/diga_reservation_system/index.php(13): CWebApplication->run()
REQUEST_URI=/html/reserveServer/diga_reservation_system/index.php?r=test/testaction1
in /var/www/html/reserveServer/diga_reservation_system/protected/views/test/testAction1.php (11)
in /var/www/html/reserveServer/diga_reservation_system/protected/controllers/TestController.php (9)
in /var/www/html/reserveServer/diga_reservation_system/index.php (13)
2013/12/30 16:43:06 [error] [php] include(CHTML.php): failed to open stream: No such file or directory (/var/www/html/reserveServer/yii_framework/framework/YiiBase.php:421)
Stack trace:
#0 /var/www/html/reserveServer/diga_reservation_system/protected/views/test/testAction1.php(11): spl_autoload_call()
#1 /var/www/html/reserveServer/yii_framework/framework/web/CBaseController.php(126): require()
#2 /var/www/html/reserveServer/yii_framework/framework/web/CBaseController.php(95): TestController->renderInternal()
#3 /var/www/html/reserveServer/yii_framework/framework/web/CController.php(869): TestController->renderFile()
#4 /var/www/html/reserveServer/yii_framework/framework/web/CController.php(782): TestController->renderPartial()
#5 /var/www/html/reserveServer/diga_reservation_system/protected/controllers/TestController.php(9): TestController->render()
#6 /var/www/html/reserveServer/yii_framework/framework/web/actions/CInlineAction.php(49): TestController->actionTestAction1()
#7 /var/www/html/reserveServer/yii_framework/framework/web/CController.php(308): CInlineAction->runWithParams()
#8 /var/www/html/reserveServer/yii_framework/framework/web/CController.php(286): TestController->runAction()
#9 /var/www/html/reserveServer/yii_framework/framework/web/CController.php(265): TestController->runActionWithFilters()
#10 /var/www/html/reserveServer/yii_framework/framework/web/CWebApplication.php(282): TestController->run()
#11 /var/www/html/reserveServer/yii_framework/framework/web/CWebApplication.php(141): CWebApplication->runController()
#12 /var/www/html/reserveServer/yii_framework/framework/base/CApplication.php(169): CWebApplication->processRequest()
#13 /var/www/html/reserveServer/diga_reservation_system/index.php(13): CWebApplication->run()
REQUEST_URI=/html/reserveServer/diga_reservation_system/index.php?r=test/testaction1
in /var/www/html/reserveServer/diga_reservation_system/protected/views/test/testAction1.php (11)
in /var/www/html/reserveServer/diga_reservation_system/protected/controllers/TestController.php (9)
in /var/www/html/reserveServer/diga_reservation_system/index.php (13)
2013/12/30 16:43:19 [error] [php] include(CHTML.php): failed to open stream: No such file or directory (/var/www/html/reserveServer/yii_framework/framework/YiiBase.php:421)
Stack trace:
#0 /var/www/html/reserveServer/diga_reservation_system/protected/views/test/testAction1.php(11): spl_autoload_call()
#1 /var/www/html/reserveServer/yii_framework/framework/web/CBaseController.php(126): require()
#2 /var/www/html/reserveServer/yii_framework/framework/web/CBaseController.php(95): TestController->renderInternal()
#3 /var/www/html/reserveServer/yii_framework/framework/web/CController.php(869): TestController->renderFile()
#4 /var/www/html/reserveServer/yii_framework/framework/web/CController.php(782): TestController->renderPartial()
#5 /var/www/html/reserveServer/diga_reservation_system/protected/controllers/TestController.php(9): TestController->render()
#6 /var/www/html/reserveServer/yii_framework/framework/web/actions/CInlineAction.php(49): TestController->actionTestAction1()
#7 /var/www/html/reserveServer/yii_framework/framework/web/CController.php(308): CInlineAction->runWithParams()
#8 /var/www/html/reserveServer/yii_framework/framework/web/CController.php(286): TestController->runAction()
#9 /var/www/html/reserveServer/yii_framework/framework/web/CController.php(265): TestController->runActionWithFilters()
#10 /var/www/html/reserveServer/yii_framework/framework/web/CWebApplication.php(282): TestController->run()
#11 /var/www/html/reserveServer/yii_framework/framework/web/CWebApplication.php(141): CWebApplication->runController()
#12 /var/www/html/reserveServer/yii_framework/framework/base/CApplication.php(169): CWebApplication->processRequest()
#13 /var/www/html/reserveServer/diga_reservation_system/index.php(13): CWebApplication->run()
REQUEST_URI=/html/reserveServer/diga_reservation_system/index.php?r=test/testaction1
in /var/www/html/reserveServer/diga_reservation_system/protected/views/test/testAction1.php (11)
in /var/www/html/reserveServer/diga_reservation_system/protected/controllers/TestController.php (9)
in /var/www/html/reserveServer/diga_reservation_system/index.php (13)
2013/12/30 16:43:36 [error] [exception.CHttpException.404] exception 'CHttpException' with message 'The system is unable to find the requested action "testaction".' in /var/www/html/reserveServer/yii_framework/framework/web/CController.php:483
Stack trace:
#0 /var/www/html/reserveServer/yii_framework/framework/web/CController.php(270): CController->missingAction('testaction')
#1 /var/www/html/reserveServer/yii_framework/framework/web/CWebApplication.php(282): CController->run('testaction')
#2 /var/www/html/reserveServer/yii_framework/framework/web/CWebApplication.php(141): CWebApplication->runController('test/testaction')
#3 /var/www/html/reserveServer/yii_framework/framework/base/CApplication.php(169): CWebApplication->processRequest()
#4 /var/www/html/reserveServer/diga_reservation_system/index.php(13): CApplication->run()
#5 {main}
REQUEST_URI=/html/reserveServer/diga_reservation_system/index.php?r=test/testaction
---
2013/12/30 16:43:40 [error] [php] include(CHTML.php): failed to open stream: No such file or directory (/var/www/html/reserveServer/yii_framework/framework/YiiBase.php:421)
Stack trace:
#0 /var/www/html/reserveServer/diga_reservation_system/protected/views/test/testAction1.php(11): spl_autoload_call()
#1 /var/www/html/reserveServer/yii_framework/framework/web/CBaseController.php(126): require()
#2 /var/www/html/reserveServer/yii_framework/framework/web/CBaseController.php(95): TestController->renderInternal()
#3 /var/www/html/reserveServer/yii_framework/framework/web/CController.php(869): TestController->renderFile()
#4 /var/www/html/reserveServer/yii_framework/framework/web/CController.php(782): TestController->renderPartial()
#5 /var/www/html/reserveServer/diga_reservation_system/protected/controllers/TestController.php(9): TestController->render()
#6 /var/www/html/reserveServer/yii_framework/framework/web/actions/CInlineAction.php(49): TestController->actionTestAction1()
#7 /var/www/html/reserveServer/yii_framework/framework/web/CController.php(308): CInlineAction->runWithParams()
#8 /var/www/html/reserveServer/yii_framework/framework/web/CController.php(286): TestController->runAction()
#9 /var/www/html/reserveServer/yii_framework/framework/web/CController.php(265): TestController->runActionWithFilters()
#10 /var/www/html/reserveServer/yii_framework/framework/web/CWebApplication.php(282): TestController->run()
#11 /var/www/html/reserveServer/yii_framework/framework/web/CWebApplication.php(141): CWebApplication->runController()
#12 /var/www/html/reserveServer/yii_framework/framework/base/CApplication.php(169): CWebApplication->processRequest()
#13 /var/www/html/reserveServer/diga_reservation_system/index.php(13): CWebApplication->run()
REQUEST_URI=/html/reserveServer/diga_reservation_system/index.php?r=test/testaction1
in /var/www/html/reserveServer/diga_reservation_system/protected/views/test/testAction1.php (11)
in /var/www/html/reserveServer/diga_reservation_system/protected/controllers/TestController.php (9)
in /var/www/html/reserveServer/diga_reservation_system/index.php (13)
2013/12/30 16:44:04 [error] [php] include(CHTML.php): failed to open stream: No such file or directory (/var/www/html/reserveServer/yii_framework/framework/YiiBase.php:421)
Stack trace:
#0 /var/www/html/reserveServer/diga_reservation_system/protected/views/test/testAction1.php(11): spl_autoload_call()
#1 /var/www/html/reserveServer/yii_framework/framework/web/CBaseController.php(126): require()
#2 /var/www/html/reserveServer/yii_framework/framework/web/CBaseController.php(95): TestController->renderInternal()
#3 /var/www/html/reserveServer/yii_framework/framework/web/CController.php(869): TestController->renderFile()
#4 /var/www/html/reserveServer/yii_framework/framework/web/CController.php(782): TestController->renderPartial()
#5 /var/www/html/reserveServer/diga_reservation_system/protected/controllers/TestController.php(9): TestController->render()
#6 /var/www/html/reserveServer/yii_framework/framework/web/actions/CInlineAction.php(49): TestController->actionTestAction1()
#7 /var/www/html/reserveServer/yii_framework/framework/web/CController.php(308): CInlineAction->runWithParams()
#8 /var/www/html/reserveServer/yii_framework/framework/web/CController.php(286): TestController->runAction()
#9 /var/www/html/reserveServer/yii_framework/framework/web/CController.php(265): TestController->runActionWithFilters()
#10 /var/www/html/reserveServer/yii_framework/framework/web/CWebApplication.php(282): TestController->run()
#11 /var/www/html/reserveServer/yii_framework/framework/web/CWebApplication.php(141): CWebApplication->runController()
#12 /var/www/html/reserveServer/yii_framework/framework/base/CApplication.php(169): CWebApplication->processRequest()
#13 /var/www/html/reserveServer/diga_reservation_system/index.php(13): CWebApplication->run()
REQUEST_URI=/html/reserveServer/diga_reservation_system/index.php?r=test/testaction1
in /var/www/html/reserveServer/diga_reservation_system/protected/views/test/testAction1.php (11)
in /var/www/html/reserveServer/diga_reservation_system/protected/controllers/TestController.php (9)
in /var/www/html/reserveServer/diga_reservation_system/index.php (13)
